<?xml version='1.0' encoding='UTF-8'?>
<testsuite hostname="DESKTOP-T3LBPRN" name="funsets.FunSetSuite" tests="11" errors="0" failures="0" time="0.135">
                     <properties>
[...]
</properties>
                     <testcase classname="funsets.FunSetSuite" name="string take" time="0.024">
                                                 
                                               </testcase><testcase classname="funsets.FunSetSuite" name="adding ints" time="0.003">
                                                 
                                               </testcase><testcase classname="funsets.FunSetSuite" name="contains is implemented" time="0.004">
                                                 
                                               </testcase><testcase classname="funsets.FunSetSuite" name="singletonSet(1) contains 1" time="0.007">
                                                 
                                               </testcase><testcase classname="funsets.FunSetSuite" name="union contains all elements" time="0.003">
                                                 
                                               </testcase><testcase classname="funsets.FunSetSuite" name="intersections" time="0.002">
                                                 
                                               </testcase><testcase classname="funsets.FunSetSuite" name="difference" time="0.001">
                                                 
                                               </testcase><testcase classname="funsets.FunSetSuite" name="filtering" time="0.002">
                                                 
                                               </testcase><testcase classname="funsets.FunSetSuite" name="forall" time="0.001">
                                                 
                                               </testcase><testcase classname="funsets.FunSetSuite" name="exists" time="0.001">
                                                 
                                               </testcase><testcase classname="funsets.FunSetSuite" name="map" time="0.087">
                                                 
                                               </testcase>
                     <system-out></system-out>
                     <system-err></system-err>
                   </testsuite>